\BOOKMARK [1][-]{section.1}{Introduction}{}% 1
\BOOKMARK [1][-]{section.2}{Vision}{}% 2
\BOOKMARK [1][-]{section.3}{Background}{}% 3
\BOOKMARK [1][-]{section.4}{Architecture Requirements}{}% 4
\BOOKMARK [1][-]{section.5}{Functional requirements and application design}{}% 5
\BOOKMARK [2][-]{subsection.5.1}{Use case prioritization}{section.5}% 6
\BOOKMARK [3][-]{subsubsection.5.1.1}{Critical:}{subsection.5.1}% 7
\BOOKMARK [3][-]{subsubsection.5.1.2}{Important:}{subsection.5.1}% 8
\BOOKMARK [3][-]{subsubsection.5.1.3}{Nice-To-Have:}{subsection.5.1}% 9
\BOOKMARK [2][-]{subsection.5.2}{Use case/Services contracts}{section.5}% 10
\BOOKMARK [3][-]{subsubsection.5.2.1}{Login user}{subsection.5.2}% 11
\BOOKMARK [3][-]{subsubsection.5.2.2}{Register User}{subsection.5.2}% 12
\BOOKMARK [3][-]{subsubsection.5.2.3}{View paper}{subsection.5.2}% 13
\BOOKMARK [3][-]{subsubsection.5.2.4}{Modify paper}{subsection.5.2}% 14
\BOOKMARK [3][-]{subsubsection.5.2.5}{Publish paper}{subsection.5.2}% 15
\BOOKMARK [3][-]{subsubsection.5.2.6}{Terminate paper}{subsection.5.2}% 16
\BOOKMARK [3][-]{subsubsection.5.2.7}{Edit Account}{subsection.5.2}% 17
\BOOKMARK [3][-]{subsubsection.5.2.8}{Remove account}{subsection.5.2}% 18
\BOOKMARK [3][-]{subsubsection.5.2.9}{View user account}{subsection.5.2}% 19
\BOOKMARK [3][-]{subsubsection.5.2.10}{Search user}{subsection.5.2}% 20
\BOOKMARK [3][-]{subsubsection.5.2.11}{Assign co-author}{subsection.5.2}% 21
\BOOKMARK [3][-]{subsubsection.5.2.12}{View recent activities}{subsection.5.2}% 22
\BOOKMARK [3][-]{subsubsection.5.2.13}{System events}{subsection.5.2}% 23
\BOOKMARK [3][-]{subsubsection.5.2.14}{Set notification}{subsection.5.2}% 24
\BOOKMARK [3][-]{subsubsection.5.2.15}{Revive paper}{subsection.5.2}% 25
\BOOKMARK [3][-]{subsubsection.5.2.16}{Units accumulated from work on papers is reflected on ther user's profile}{subsection.5.2}% 26
\BOOKMARK [3][-]{subsubsection.5.2.17}{Data representation of units accumulated}{subsection.5.2}% 27
\BOOKMARK [2][-]{subsection.5.3}{Required functionality}{section.5}% 28
\BOOKMARK [3][-]{subsubsection.5.3.1}{User Gateaway}{subsection.5.3}% 29
\BOOKMARK [3][-]{subsubsection.5.3.2}{Research Paper Management}{subsection.5.3}% 30
\BOOKMARK [3][-]{subsubsection.5.3.3}{User Account Management Services}{subsection.5.3}% 31
\BOOKMARK [3][-]{subsubsection.5.3.4}{Log Services}{subsection.5.3}% 32
\BOOKMARK [3][-]{subsubsection.5.3.5}{Notification Services}{subsection.5.3}% 33
\BOOKMARK [3][-]{subsubsection.5.3.6}{Archival Services}{subsection.5.3}% 34
\BOOKMARK [2][-]{subsection.5.4}{Process specifications}{section.5}% 35
\BOOKMARK [3][-]{subsubsection.5.4.1}{Server Connection}{subsection.5.4}% 36
\BOOKMARK [3][-]{subsubsection.5.4.2}{Database Connection}{subsection.5.4}% 37
\BOOKMARK [3][-]{subsubsection.5.4.3}{Register User}{subsection.5.4}% 38
\BOOKMARK [3][-]{subsubsection.5.4.4}{Login}{subsection.5.4}% 39
\BOOKMARK [3][-]{subsubsection.5.4.5}{Add new User}{subsection.5.4}% 40
\BOOKMARK [3][-]{subsubsection.5.4.6}{View User Account}{subsection.5.4}% 41
\BOOKMARK [3][-]{subsubsection.5.4.7}{Remove Account}{subsection.5.4}% 42
\BOOKMARK [2][-]{subsection.5.5}{Domain Model}{section.5}% 43
\BOOKMARK [1][-]{section.6}{Open Issues}{}% 44
\BOOKMARK [1][-]{section.6}{References}{}% 45
