This is pdfTeX, Version 3.14159265-2.6-1.40.16 (MiKTeX 2.9) (preloaded format=pdflatex 2016.2.21)  7 MAR 2016 20:46
entering extended mode
**"C:/Users/Fred/Documents/COS 301/gitHub/Phase 2 - Architectural Requirements/
Latex Files/COS301_TeamBravo.tex"

("C:/Users/Fred/Documents/COS 301/gitHub/Phase 2 - Architectural Requirements/L
atex Files/COS301_TeamBravo.tex"
LaTeX2e <2015/10/01> patch level 2
Babel <3.9n> and hyphenation patterns for 69 languages loaded.
("C:\Program Files (x86)\MiKTeX 2.9\tex\latex\base\article.cls"
Document Class: article 2014/09/29 v1.4h Standard LaTeX document class
("C:\Program Files (x86)\MiKTeX 2.9\tex\latex\base\size11.clo"
File: size11.clo 2014/09/29 v1.4h Standard LaTeX file (size option)
)
\c@part=\count79
\c@section=\count80
\c@subsection=\count81
\c@subsubsection=\count82
\c@paragraph=\count83
\c@subparagraph=\count84
\c@figure=\count85
\c@table=\count86
\abovecaptionskip=\skip41
\belowcaptionskip=\skip42
\bibindent=\dimen102
)
("C:\Program Files (x86)\MiKTeX 2.9\tex\latex\graphics\graphicx.sty"
Package: graphicx 2014/10/28 v1.0g Enhanced LaTeX Graphics (DPC,SPQR)

("C:\Program Files (x86)\MiKTeX 2.9\tex\latex\graphics\keyval.sty"
Package: keyval 2014/10/28 v1.15 key=value parser (DPC)
\KV@toks@=\toks14
)
("C:\Program Files (x86)\MiKTeX 2.9\tex\latex\graphics\graphics.sty"
Package: graphics 2014/10/28 v1.0p Standard LaTeX Graphics (DPC,SPQR)

("C:\Program Files (x86)\MiKTeX 2.9\tex\latex\graphics\trig.sty"
Package: trig 1999/03/16 v1.09 sin cos tan (DPC)
)
("C:\Program Files (x86)\MiKTeX 2.9\tex\latex\00miktex\graphics.cfg"
File: graphics.cfg 2007/01/18 v1.5 graphics configuration of teTeX/TeXLive
)
Package graphics Info: Driver file: pdftex.def on input line 94.

("C:\Program Files (x86)\MiKTeX 2.9\tex\latex\pdftex-def\pdftex.def"
File: pdftex.def 2011/05/27 v0.06d Graphics/color for pdfTeX

("C:\Program Files (x86)\MiKTeX 2.9\tex\generic\oberdiek\infwarerr.sty"
Package: infwarerr 2010/04/08 v1.3 Providing info/warning/error messages (HO)
)
("C:\Program Files (x86)\MiKTeX 2.9\tex\generic\oberdiek\ltxcmds.sty"
Package: ltxcmds 2011/11/09 v1.22 LaTeX kernel commands for general use (HO)
)
\Gread@gobject=\count87
))
\Gin@req@height=\dimen103
\Gin@req@width=\dimen104
)
("C:\Program Files (x86)\MiKTeX 2.9\tex\latex\hyperref\hyperref.sty"
Package: hyperref 2012/11/06 v6.83m Hypertext links for LaTeX

("C:\Program Files (x86)\MiKTeX 2.9\tex\generic\oberdiek\hobsub-hyperref.sty"
Package: hobsub-hyperref 2012/04/25 v1.12 Bundle oberdiek, subset hyperref (HO)


("C:\Program Files (x86)\MiKTeX 2.9\tex\generic\oberdiek\hobsub-generic.sty"
Package: hobsub-generic 2012/04/25 v1.12 Bundle oberdiek, subset generic (HO)
Package: hobsub 2012/04/25 v1.12 Construct package bundles (HO)
Package hobsub Info: Skipping package `infwarerr' (already loaded).
Package hobsub Info: Skipping package `ltxcmds' (already loaded).
Package: ifluatex 2010/03/01 v1.3 Provides the ifluatex switch (HO)
Package ifluatex Info: LuaTeX not detected.
Package: ifvtex 2010/03/01 v1.5 Detect VTeX and its facilities (HO)
Package ifvtex Info: VTeX not detected.
Package: intcalc 2007/09/27 v1.1 Expandable calculations with integers (HO)
Package: ifpdf 2011/01/30 v2.3 Provides the ifpdf switch (HO)
Package ifpdf Info: pdfTeX in PDF mode is detected.
Package: etexcmds 2011/02/16 v1.5 Avoid name clashes with e-TeX commands (HO)
Package etexcmds Info: Could not find \expanded.
(etexcmds)             That can mean that you are not using pdfTeX 1.50 or
(etexcmds)             that some package has redefined \expanded.
(etexcmds)             In the latter case, load this package earlier.
Package: kvsetkeys 2012/04/25 v1.16 Key value parser (HO)
Package: kvdefinekeys 2011/04/07 v1.3 Define keys (HO)
Package: pdftexcmds 2011/11/29 v0.20 Utility functions of pdfTeX for LuaTeX (HO
)
Package pdftexcmds Info: LuaTeX not detected.
Package pdftexcmds Info: \pdf@primitive is available.
Package pdftexcmds Info: \pdf@ifprimitive is available.
Package pdftexcmds Info: \pdfdraftmode found.
Package: pdfescape 2011/11/25 v1.13 Implements pdfTeX's escape features (HO)
Package: bigintcalc 2012/04/08 v1.3 Expandable calculations on big integers (HO
)
Package: bitset 2011/01/30 v1.1 Handle bit-vector datatype (HO)
Package: uniquecounter 2011/01/30 v1.2 Provide unlimited unique counter (HO)
)
Package hobsub Info: Skipping package `hobsub' (already loaded).
Package: letltxmacro 2010/09/02 v1.4 Let assignment for LaTeX macros (HO)
Package: hopatch 2011/06/24 v1.1 Wrapper for package hooks (HO)
Package: xcolor-patch 2011/01/30 xcolor patch
Package: atveryend 2011/06/30 v1.8 Hooks at the very end of document (HO)
Package atveryend Info: \enddocument detected (standard20110627).
Package: atbegshi 2011/10/05 v1.16 At begin shipout hook (HO)
Package: refcount 2011/10/16 v3.4 Data extraction from label references (HO)
Package: hycolor 2011/01/30 v1.7 Color options for hyperref/bookmark (HO)
)
("C:\Program Files (x86)\MiKTeX 2.9\tex\generic\ifxetex\ifxetex.sty"
Package: ifxetex 2010/09/12 v0.6 Provides ifxetex conditional
)
("C:\Program Files (x86)\MiKTeX 2.9\tex\latex\oberdiek\auxhook.sty"
Package: auxhook 2011/03/04 v1.3 Hooks for auxiliary files (HO)
)
("C:\Program Files (x86)\MiKTeX 2.9\tex\latex\oberdiek\kvoptions.sty"
Package: kvoptions 2011/06/30 v3.11 Key value format for package options (HO)
)
\@linkdim=\dimen105
\Hy@linkcounter=\count88
\Hy@pagecounter=\count89

("C:\Program Files (x86)\MiKTeX 2.9\tex\latex\hyperref\pd1enc.def"
File: pd1enc.def 2012/11/06 v6.83m Hyperref: PDFDocEncoding definition (HO)
)
\Hy@SavedSpaceFactor=\count90

("C:\Program Files (x86)\MiKTeX 2.9\tex\latex\00miktex\hyperref.cfg"
File: hyperref.cfg 2002/06/06 v1.2 hyperref configuration of TeXLive
)
Package hyperref Info: Hyper figures OFF on input line 4443.
Package hyperref Info: Link nesting OFF on input line 4448.
Package hyperref Info: Hyper index ON on input line 4451.
Package hyperref Info: Plain pages OFF on input line 4458.
Package hyperref Info: Backreferencing OFF on input line 4463.
Package hyperref Info: Implicit mode ON; LaTeX internals redefined.
Package hyperref Info: Bookmarks ON on input line 4688.
\c@Hy@tempcnt=\count91

("C:\Program Files (x86)\MiKTeX 2.9\tex\latex\url\url.sty"
\Urlmuskip=\muskip10
Package: url 2013/09/16  ver 3.4  Verb mode for urls, etc.
)
LaTeX Info: Redefining \url on input line 5041.
\XeTeXLinkMargin=\dimen106
\Fld@menulength=\count92
\Field@Width=\dimen107
\Fld@charsize=\dimen108
Package hyperref Info: Hyper figures OFF on input line 6295.
Package hyperref Info: Link nesting OFF on input line 6300.
Package hyperref Info: Hyper index ON on input line 6303.
Package hyperref Info: backreferencing OFF on input line 6310.
Package hyperref Info: Link coloring OFF on input line 6315.
Package hyperref Info: Link coloring with OCG OFF on input line 6320.
Package hyperref Info: PDF/A mode OFF on input line 6325.
LaTeX Info: Redefining \ref on input line 6365.
LaTeX Info: Redefining \pageref on input line 6369.
\Hy@abspage=\count93
\c@Item=\count94
\c@Hfootnote=\count95
)

Package hyperref Message: Driver (autodetected): hpdftex.

("C:\Program Files (x86)\MiKTeX 2.9\tex\latex\hyperref\hpdftex.def"
File: hpdftex.def 2012/11/06 v6.83m Hyperref driver for pdfTeX
\Fld@listcount=\count96
\c@bookmark@seq@number=\count97

("C:\Program Files (x86)\MiKTeX 2.9\tex\latex\oberdiek\rerunfilecheck.sty"
Package: rerunfilecheck 2011/04/15 v1.7 Rerun checks for auxiliary files (HO)
Package uniquecounter Info: New unique counter `rerunfilecheck' on input line 2
82.
)
\Hy@SectionHShift=\skip43
)
("C:\Program Files (x86)\MiKTeX 2.9\tex\latex\cite\cite.sty"
LaTeX Info: Redefining \cite on input line 302.
LaTeX Info: Redefining \nocite on input line 332.
Package: cite 2015/02/27  v 5.5
)
Package hyperref Info: Option `colorlinks' set `true' on input line 15.

(COS301_TeamBravo.aux)
\openout1 = `COS301_TeamBravo.aux'.

LaTeX Font Info:    Checking defaults for OML/cmm/m/it on input line 20.
LaTeX Font Info:    ... okay on input line 20.
LaTeX Font Info:    Checking defaults for T1/cmr/m/n on input line 20.
LaTeX Font Info:    ... okay on input line 20.
LaTeX Font Info:    Checking defaults for OT1/cmr/m/n on input line 20.
LaTeX Font Info:    ... okay on input line 20.
LaTeX Font Info:    Checking defaults for OMS/cmsy/m/n on input line 20.
LaTeX Font Info:    ... okay on input line 20.
LaTeX Font Info:    Checking defaults for OMX/cmex/m/n on input line 20.
LaTeX Font Info:    ... okay on input line 20.
LaTeX Font Info:    Checking defaults for U/cmr/m/n on input line 20.
LaTeX Font Info:    ... okay on input line 20.
LaTeX Font Info:    Checking defaults for PD1/pdf/m/n on input line 20.
LaTeX Font Info:    ... okay on input line 20.

("C:\Program Files (x86)\MiKTeX 2.9\tex\context\base\supp-pdf.mkii"
[Loading MPS to PDF converter (version 2006.09.02).]
\scratchcounter=\count98
\scratchdimen=\dimen109
\scratchbox=\box26
\nofMPsegments=\count99
\nofMParguments=\count100
\everyMPshowfont=\toks15
\MPscratchCnt=\count101
\MPscratchDim=\dimen110
\MPnumerator=\count102
\makeMPintoPDFobject=\count103
\everyMPtoPDFconversion=\toks16
)
\AtBeginShipoutBox=\box27
 ("C:\Program Files (x86)\MiKTeX 2.9\tex\latex\graphics\color.sty"
Package: color 2014/10/28 v1.1a Standard LaTeX Color (DPC)

("C:\Program Files (x86)\MiKTeX 2.9\tex\latex\00miktex\color.cfg"
File: color.cfg 2007/01/18 v1.5 color configuration of teTeX/TeXLive
)
Package color Info: Driver file: pdftex.def on input line 142.
)
Package hyperref Info: Link coloring ON on input line 20.

("C:\Program Files (x86)\MiKTeX 2.9\tex\latex\hyperref\nameref.sty"
Package: nameref 2012/10/27 v2.43 Cross-referencing by name of section

("C:\Program Files (x86)\MiKTeX 2.9\tex\generic\oberdiek\gettitlestring.sty"
Package: gettitlestring 2010/12/03 v1.4 Cleanup title references (HO)
)
\c@section@level=\count104
)
LaTeX Info: Redefining \ref on input line 20.
LaTeX Info: Redefining \pageref on input line 20.
LaTeX Info: Redefining \nameref on input line 20.

(COS301_TeamBravo.out) (COS301_TeamBravo.out)
\@outlinefile=\write3
\openout3 = `COS301_TeamBravo.out'.

 (coverPage.tex
<../Diagrams/Images/University_of_Pretoria_Logo.PNG, id=242, 900.36375pt x 269.
50688pt>
File: ../Diagrams/Images/University_of_Pretoria_Logo.PNG Graphic file (type png
)
 <use ../Diagrams/Images/University_of_Pretoria_Logo.PNG>
Package pdftex.def Info: ../Diagrams/Images/University_of_Pretoria_Logo.PNG use
d on input line 5.
(pdftex.def)             Requested size: 416.9055pt x 124.79301pt.
LaTeX Font Info:    External font `cmex10' loaded for size
(Font)              <10.95> on input line 23.
LaTeX Font Info:    External font `cmex10' loaded for size
(Font)              <8> on input line 23.
LaTeX Font Info:    External font `cmex10' loaded for size
(Font)              <6> on input line 23.
 [1

{C:/Users/Fred/AppData/Local/MiKTeX/2.9/pdftex/config/pdftex.map} <../Diagrams/
Images/University_of_Pretoria_Logo.PNG>]) (COS301_TeamBravo.tocpdfTeX warning (
ext4): destination with the same identifier (name{page.1}) has been already use
d, duplicate ignored
<to be read again> 
                   \relax 
l.31 ...}Terminate paper}{14}{subsubsection.5.2.6}
                                                   [1])
\tf@toc=\write4
\openout4 = `COS301_TeamBravo.toc'.

 [2]
LaTeX Font Info:    Try loading font information for OMS+cmr on input line 42.

("C:\Program Files (x86)\MiKTeX 2.9\tex\latex\base\omscmr.fd"
File: omscmr.fd 2014/09/29 v2.5h Standard LaTeX font definitions
)
LaTeX Font Info:    Font shape `OMS/cmr/m/n' in size <10.95> not available
(Font)              Font shape `OMS/cmsy/m/n' tried instead on input line 42.
 [3] [4] [5]
[6] [7]
Overfull \hbox (0.8071pt too wide) in paragraph at lines 203--204
[]\OT1/cmr/m/n/10.95 Data rep-re-sen-ta-tion via bar charts of the units ac-cu-
mu-lated by re-searchers through-
 []

[8] <../Diagrams/DomainModel/Loginuser.png, id=349, 397.485pt x 237.88875pt>
File: ../Diagrams/DomainModel/Loginuser.png Graphic file (type png)

<use ../Diagrams/DomainModel/Loginuser.png>
Package pdftex.def Info: ../Diagrams/DomainModel/Loginuser.png used on input li
ne 216.
(pdftex.def)             Requested size: 416.9055pt x 249.5183pt.
 [9 <../Diagrams/DomainModel/Loginuser.png (PNG copy)>]
<../Diagrams/DomainModel/RegisterUser.png, id=354, 747.79375pt x 334.24875pt>
File: ../Diagrams/DomainModel/RegisterUser.png Graphic file (type png)

<use ../Diagrams/DomainModel/RegisterUser.png>
Package pdftex.def Info: ../Diagrams/DomainModel/RegisterUser.png used on input
 line 226.
(pdftex.def)             Requested size: 416.9055pt x 186.34668pt.
 [10 <../Diagrams/DomainModel/RegisterUser.png (PNG copy)>]
<../Diagrams/DomainModel/ViewPaper.png, id=359, 923.45pt x 234.8775pt>
File: ../Diagrams/DomainModel/ViewPaper.png Graphic file (type png)

<use ../Diagrams/DomainModel/ViewPaper.png>
Package pdftex.def Info: ../Diagrams/DomainModel/ViewPaper.png used on input li
ne 236.
(pdftex.def)             Requested size: 416.9055pt x 106.03795pt.
 [11 <../Diagrams/DomainModel/ViewPaper.png (PNG copy)>]
<../Diagrams/DomainModel/ModifyPaper.png, id=364, 930.47626pt x 244.915pt>
File: ../Diagrams/DomainModel/ModifyPaper.png Graphic file (type png)

<use ../Diagrams/DomainModel/ModifyPaper.png>
Package pdftex.def Info: ../Diagrams/DomainModel/ModifyPaper.png used on input 
line 246.
(pdftex.def)             Requested size: 416.9055pt x 109.7361pt.
 [12 <../Diagrams/DomainModel/ModifyPaper.png (PNG copy)>]
<../Diagrams/DomainModel/Publishpaper.png, id=370, 337.26pt x 222.8325pt>
File: ../Diagrams/DomainModel/Publishpaper.png Graphic file (type png)

<use ../Diagrams/DomainModel/Publishpaper.png>
Package pdftex.def Info: ../Diagrams/DomainModel/Publishpaper.png used on input
 line 256.
(pdftex.def)             Requested size: 416.9055pt x 275.4628pt.
 [13 <../Diagrams/DomainModel/Publishpaper.png (PNG copy)>]
<../Diagrams/DomainModel/TerminatePaper.png, id=375, 316.18124pt x 215.80624pt>
File: ../Diagrams/DomainModel/TerminatePaper.png Graphic file (type png)
<use ../Diagrams/DomainModel/TerminatePaper.png>
Package pdftex.def Info: ../Diagrams/DomainModel/TerminatePaper.png used on inp
ut line 266.
(pdftex.def)             Requested size: 416.9055pt x 284.57533pt.
 [14 <../Diagrams/DomainModel/TerminatePaper.png (PNG copy)>]
<../Diagrams/DomainModel/EditAccount.png, id=380, 530.98375pt x 334.24875pt>
File: ../Diagrams/DomainModel/EditAccount.png Graphic file (type png)

<use ../Diagrams/DomainModel/EditAccount.png>
Package pdftex.def Info: ../Diagrams/DomainModel/EditAccount.png used on input 
line 276.
(pdftex.def)             Requested size: 416.9055pt x 262.44194pt.
 [15 <../Diagrams/DomainModel/EditAccount.png (PNG copy)>]
<../Diagrams/DomainModel/RemoveAccount.png, id=385, 545.03625pt x 341.275pt>
File: ../Diagrams/DomainModel/RemoveAccount.png Graphic file (type png)

<use ../Diagrams/DomainModel/RemoveAccount.png>
Package pdftex.def Info: ../Diagrams/DomainModel/RemoveAccount.png used on inpu
t line 286.
(pdftex.def)             Requested size: 416.9055pt x 261.04327pt.
 [16 <../Diagrams/DomainModel/RemoveAccount.png (PNG copy)>]
<../Diagrams/DomainModel/Viewaccount.png, id=390, 545.03625pt x 341.275pt>
File: ../Diagrams/DomainModel/Viewaccount.png Graphic file (type png)

<use ../Diagrams/DomainModel/Viewaccount.png>
Package pdftex.def Info: ../Diagrams/DomainModel/Viewaccount.png used on input 
line 296.
(pdftex.def)             Requested size: 416.9055pt x 261.04327pt.
 [17 <../Diagrams/DomainModel/Viewaccount.png (PNG copy)>]
<../Diagrams/DomainModel/SearchUser.png, id=395, 538.01pt x 334.24875pt>
File: ../Diagrams/DomainModel/SearchUser.png Graphic file (type png)

<use ../Diagrams/DomainModel/SearchUser.png>
Package pdftex.def Info: ../Diagrams/DomainModel/SearchUser.png used on input l
ine 306.
(pdftex.def)             Requested size: 416.9055pt x 259.00949pt.
 [18 <../Diagrams/DomainModel/SearchUser.png (PNG copy)>]
Overfull \hbox (60.88707pt too wide) in paragraph at lines 312--313
[]\OT1/cmr/bx/n/10.95 Pre-Condition: \OT1/cmr/m/n/10.95 The user as-sign-ing th
e co-author must be a primary-author/admin/Superuser
 []

<../Diagrams/DomainModel/AssignCoAuthor.png, id=401, 337.26pt x 222.8325pt>
File: ../Diagrams/DomainModel/AssignCoAuthor.png Graphic file (type png)

<use ../Diagrams/DomainModel/AssignCoAuthor.png>
Package pdftex.def Info: ../Diagrams/DomainModel/AssignCoAuthor.png used on inp
ut line 316.
(pdftex.def)             Requested size: 416.9055pt x 275.4628pt.
 [19 <../Diagrams/DomainModel/AssignCoAuthor.png (PNG copy)>]
<../Diagrams/DomainModel/Viewrecentactivites.png, id=406, 628.3475pt x 171.6412
5pt>
File: ../Diagrams/DomainModel/Viewrecentactivites.png Graphic file (type png)
 <use ../Diagrams/DomainModel/Viewrecentactivites.png>
Package pdftex.def Info: ../Diagrams/DomainModel/Viewrecentactivites.png used o
n input line 326.
(pdftex.def)             Requested size: 416.9055pt x 113.88332pt.
 [20 <../Diagrams/DomainModel/Viewrecentactivites.png (PNG copy)>]
<../Diagrams/DomainModel/SystemEvents.png, id=411, 628.3475pt x 171.64125pt>
File: ../Diagrams/DomainModel/SystemEvents.png Graphic file (type png)

<use ../Diagrams/DomainModel/SystemEvents.png>
Package pdftex.def Info: ../Diagrams/DomainModel/SystemEvents.png used on input
 line 336.
(pdftex.def)             Requested size: 416.9055pt x 113.88332pt.
 [21 <../Diagrams/DomainModel/SystemEvents.png (PNG copy)>]
<../Diagrams/DomainModel/SetNotificaiton.png, id=416, 780.9175pt x 234.8775pt>
File: ../Diagrams/DomainModel/SetNotificaiton.png Graphic file (type png)

<use ../Diagrams/DomainModel/SetNotificaiton.png>
Package pdftex.def Info: ../Diagrams/DomainModel/SetNotificaiton.png used on in
put line 346.
(pdftex.def)             Requested size: 416.9055pt x 125.3912pt.
 [22 <../Diagrams/DomainModel/SetNotificaiton.png (PNG copy)>]
<../Diagrams/DomainModel/RevivePaper.png, id=421, 545.03625pt x 341.275pt>
File: ../Diagrams/DomainModel/RevivePaper.png Graphic file (type png)

<use ../Diagrams/DomainModel/RevivePaper.png>
Package pdftex.def Info: ../Diagrams/DomainModel/RevivePaper.png used on input 
line 356.
(pdftex.def)             Requested size: 416.9055pt x 261.04327pt.
 [23 <../Diagrams/DomainModel/RevivePaper.png (PNG copy)>]
<../Diagrams/DomainModel/Units.png, id=426, 818.05624pt x 334.24875pt>
File: ../Diagrams/DomainModel/Units.png Graphic file (type png)

<use ../Diagrams/DomainModel/Units.png>
Package pdftex.def Info: ../Diagrams/DomainModel/Units.png used on input line 3
66.
(pdftex.def)             Requested size: 416.9055pt x 170.34729pt.
 [24 <../Diagrams/DomainModel/Units.png (PNG copy)>]
<../Diagrams/DomainModel/Representunits.png, id=432, 538.01pt x 334.24875pt>
File: ../Diagrams/DomainModel/Representunits.png Graphic file (type png)

<use ../Diagrams/DomainModel/Representunits.png>
Package pdftex.def Info: ../Diagrams/DomainModel/Representunits.png used on inp
ut line 376.
(pdftex.def)             Requested size: 416.9055pt x 259.00949pt.

<../Diagrams/UseCases/UserGateway_UseCase.png, id=433, 723.70375pt x 483.8075pt
>
File: ../Diagrams/UseCases/UserGateway_UseCase.png Graphic file (type png)
 <use ../Diagrams/UseCases/UserGateway_UseCase.png>
Package pdftex.def Info: ../Diagrams/UseCases/UserGateway_UseCase.png used on i
nput line 384.
(pdftex.def)             Requested size: 416.9055pt x 278.71129pt.
 [25 <../Diagrams/DomainModel/Representunits.png (PNG copy)>] [26 <../Diagrams/
UseCases/UserGateway_UseCase.png>]
<../Diagrams/UseCases/ResearchPaperManagement_UseCase.png, id=444, 620.3175pt x
 557.08125pt>
File: ../Diagrams/UseCases/ResearchPaperManagement_UseCase.png Graphic file (ty
pe png)
 <use ../Diagrams/UseCases/ResearchPaperManagement_UseCase.png>
Package pdftex.def Info: ../Diagrams/UseCases/ResearchPaperManagement_UseCase.p
ng used on input line 389.
(pdftex.def)             Requested size: 416.9055pt x 374.40706pt.

[27 <../Diagrams/UseCases/ResearchPaperManagement_UseCase.png>]
<../Diagrams/UseCases/UserAccountManagementServices_UseCase.png, id=450, 692.58
75pt x 635.37375pt>
File: ../Diagrams/UseCases/UserAccountManagementServices_UseCase.png Graphic fi
le (type png)

<use ../Diagrams/UseCases/UserAccountManagementServices_UseCase.png>
Package pdftex.def Info: ../Diagrams/UseCases/UserAccountManagementServices_Use
Case.png used on input line 394.
(pdftex.def)             Requested size: 416.9055pt x 382.47784pt.
 [28 <../Diagrams/UseCases/UserAccountManagementServices_UseCase.png>]
<../Diagrams/UseCases/LogServices_UseCase.png, id=456, 457.71pt x 439.6425pt>
File: ../Diagrams/UseCases/LogServices_UseCase.png Graphic file (type png)

<use ../Diagrams/UseCases/LogServices_UseCase.png>
Package pdftex.def Info: ../Diagrams/UseCases/LogServices_UseCase.png used on i
nput line 399.
(pdftex.def)             Requested size: 416.9055pt x 400.46439pt.
 [29 <../Diagrams/UseCases/LogServices_UseCase.png>]
<../Diagrams/UseCases/NotificationServices_UseCase.png, id=462, 688.5725pt x 39
5.4775pt>
File: ../Diagrams/UseCases/NotificationServices_UseCase.png Graphic file (type 
png)
 <use ../Diagrams/UseCases/NotificationServices_UseCase.png>
Package pdftex.def Info: ../Diagrams/UseCases/NotificationServices_UseCase.png 
used on input line 404.
(pdftex.def)             Requested size: 416.9055pt x 239.44867pt.
 [30 <../Diagrams/UseCases/NotificationServices_UseCase.png>]
<../Diagrams/UseCases/ArchivalServices_UseCase.png, id=469, 393.47pt x 443.6575
pt>
File: ../Diagrams/UseCases/ArchivalServices_UseCase.png Graphic file (type png)

 <use ../Diagrams/UseCases/ArchivalServices_UseCase.png>
Package pdftex.def Info: ../Diagrams/UseCases/ArchivalServices_UseCase.png used
 on input line 409.
(pdftex.def)             Requested size: 416.9055pt x 470.07837pt.
 [31 <../Diagrams/UseCases/ArchivalServices_UseCase.png>]
<../Diagrams/SequenceDiagrams/Server_Connection_Sequence_Diagram.png, id=475, 6
18.31pt x 424.58624pt>
File: ../Diagrams/SequenceDiagrams/Server_Connection_Sequence_Diagram.png Graph
ic file (type png)

<use ../Diagrams/SequenceDiagrams/Server_Connection_Sequence_Diagram.png>
Package pdftex.def Info: ../Diagrams/SequenceDiagrams/Server_Connection_Sequenc
e_Diagram.png used on input line 417.
(pdftex.def)             Requested size: 416.9055pt x 286.29181pt.

[32 <../Diagrams/SequenceDiagrams/Server_Connection_Sequence_Diagram.png>]
<../Diagrams/ActivityDiagrams/database_Activity_Diagram.png, id=480, 435.6275pt
 x 442.65375pt>
File: ../Diagrams/ActivityDiagrams/database_Activity_Diagram.png Graphic file (
type png)

<use ../Diagrams/ActivityDiagrams/database_Activity_Diagram.png>
Package pdftex.def Info: ../Diagrams/ActivityDiagrams/database_Activity_Diagram
.png used on input line 423.
(pdftex.def)             Requested size: 416.9055pt x 423.62566pt.
 [33 <../Diagrams/ActivityDiagrams/database_Activity_Diagram.png>]
<../Diagrams/ActivityDiagrams/registerUser_Activity_Diagram.png, id=485, 524.96
124pt x 446.66875pt>
File: ../Diagrams/ActivityDiagrams/registerUser_Activity_Diagram.png Graphic fi
le (type png)

<use ../Diagrams/ActivityDiagrams/registerUser_Activity_Diagram.png>
Package pdftex.def Info: ../Diagrams/ActivityDiagrams/registerUser_Activity_Dia
gram.png used on input line 429.
(pdftex.def)             Requested size: 416.9055pt x 354.73872pt.
 [34 <../Diagrams/ActivityDiagrams/registerUser_Activity_Diagram.png>]
<../Diagrams/ActivityDiagrams/Login_Activity_Diagram.png, id=490, 466.74374pt x
 524.96124pt>
File: ../Diagrams/ActivityDiagrams/Login_Activity_Diagram.png Graphic file (typ
e png)
 <use ../Diagrams/ActivityDiagrams/Login_Activity_Diagram.png>
Package pdftex.def Info: ../Diagrams/ActivityDiagrams/Login_Activity_Diagram.pn
g used on input line 435.
(pdftex.def)             Requested size: 416.9055pt x 468.92824pt.

[35 <../Diagrams/ActivityDiagrams/Login_Activity_Diagram.png>]
<../Diagrams/ActivityDiagrams/addNewUser_Activity_Diagram.png, id=495, 730.73pt
 x 587.19376pt>
File: ../Diagrams/ActivityDiagrams/addNewUser_Activity_Diagram.png Graphic file
 (type png)

<use ../Diagrams/ActivityDiagrams/addNewUser_Activity_Diagram.png>
Package pdftex.def Info: ../Diagrams/ActivityDiagrams/addNewUser_Activity_Diagr
am.png used on input line 442.
(pdftex.def)             Requested size: 416.9055pt x 335.01752pt.
 [36 <../Diagrams/ActivityDiagrams/addNewUser_Activity_Diagram.png>]
<../Diagrams/ActivityDiagrams/viewUserAccount_Activity_Diagram.png, id=501, 517
.935pt x 233.87375pt>
File: ../Diagrams/ActivityDiagrams/viewUserAccount_Activity_Diagram.png Graphic
 file (type png)

<use ../Diagrams/ActivityDiagrams/viewUserAccount_Activity_Diagram.png>
Package pdftex.def Info: ../Diagrams/ActivityDiagrams/viewUserAccount_Activity_
Diagram.png used on input line 448.
(pdftex.def)             Requested size: 416.9055pt x 188.2626pt.

[37 <../Diagrams/ActivityDiagrams/viewUserAccount_Activity_Diagram.png>]
<../Diagrams/ActivityDiagrams/removeAccount_Activity_Diagram.png, id=506, 628.3
475pt x 308.15125pt>
File: ../Diagrams/ActivityDiagrams/removeAccount_Activity_Diagram.png Graphic f
ile (type png)

<use ../Diagrams/ActivityDiagrams/removeAccount_Activity_Diagram.png>
Package pdftex.def Info: ../Diagrams/ActivityDiagrams/removeAccount_Activity_Di
agram.png used on input line 454.
(pdftex.def)             Requested size: 416.9055pt x 204.4572pt.
 [38 <../Diagrams/ActivityDiagrams/removeAccount_Activity_Diagram.png>]
<../Diagrams/DomainModel/Model.png, id=511, 1454.43375pt x 1117.17375pt>
File: ../Diagrams/DomainModel/Model.png Graphic file (type png)

<use ../Diagrams/DomainModel/Model.png>
Package pdftex.def Info: ../Diagrams/DomainModel/Model.png used on input line 4
60.
(pdftex.def)             Requested size: 416.9055pt x 320.22182pt.
 [39 <../Diagrams/DomainModel/Model.png (PNG copy)>] [40] (COS301_TeamBravo.bbl
)
Package atveryend Info: Empty hook `BeforeClearDocument' on input line 474.
 [41]
Package atveryend Info: Empty hook `AfterLastShipout' on input line 474.
 (COS301_TeamBravo.aux)
Package atveryend Info: Executing hook `AtVeryEndDocument' on input line 474.
Package atveryend Info: Executing hook `AtEndAfterFileList' on input line 474.
Package rerunfilecheck Info: File `COS301_TeamBravo.out' has not changed.
(rerunfilecheck)             Checksum: A441C4A07C34DA6A6133C2AD8699D7A0;4540.
Package atveryend Info: Empty hook `AtVeryVeryEnd' on input line 474.
 ) 
Here is how much of TeX's memory you used:
 5430 strings out of 493634
 85829 string characters out of 3141317
 162069 words of memory out of 3000000
 8648 multiletter control sequences out of 15000+200000
 9753 words of font info for 34 fonts, out of 3000000 for 9000
 1025 hyphenation exceptions out of 8191
 29i,6n,28p,434b,436s stack positions out of 5000i,500n,10000p,200000b,50000s
<C:/Program Files (x86)/MiKTeX 2.9/fonts/type1/public/amsfonts/cm/cmbx10.pfb>
<C:/Program Files (x86)/MiKTeX 2.9/fonts/type1/public/amsfonts/cm/cmbx12.pfb><C
:/Program Files (x86)/MiKTeX 2.9/fonts/type1/public/amsfonts/cm/cmcsc10.pfb><C:
/Program Files (x86)/MiKTeX 2.9/fonts/type1/public/amsfonts/cm/cmr10.pfb><C:/Pr
ogram Files (x86)/MiKTeX 2.9/fonts/type1/public/amsfonts/cm/cmr12.pfb><C:/Progr
am Files (x86)/MiKTeX 2.9/fonts/type1/public/amsfonts/cm/cmsy10.pfb><C:/Program
 Files (x86)/MiKTeX 2.9/fonts/type1/public/amsfonts/cm/cmti12.pfb>
Output written on COS301_TeamBravo.pdf (42 pages, 1713792 bytes).
PDF statistics:
 576 PDF objects out of 1000 (max. 8388607)
 104 named destinations out of 1000 (max. 500000)
 641 words of extra memory for PDF output out of 10000 (max. 10000000)

